2017-04-04 15:15:17,627 INFO girl-4 has chosen boy-0 as her boyfriend 
2017-04-04 15:15:17,628 INFO girl-9 has chosen boy-1 as her boyfriend 
2017-04-04 15:15:17,628 INFO girl-15 has chosen boy-4 as her boyfriend 
2017-04-04 15:15:17,628 INFO girl-1 has chosen boy-8 as her boyfriend 
2017-04-04 15:15:17,628 INFO girl-22 has chosen boy-5 as her boyfriend 
2017-04-04 15:15:17,628 INFO girl-23 has chosen boy-14 as her boyfriend 
2017-04-04 15:15:17,628 INFO girl-24 has chosen boy-11 as her boyfriend 
2017-04-04 15:15:17,629 INFO girl-12 has chosen boy-12 as her boyfriend 
2017-04-04 15:15:17,629 INFO girl-5 has chosen boy-16 as her boyfriend 
2017-04-04 15:15:17,629 INFO girl-14 has chosen boy-22 as her boyfriend 
2017-04-04 15:15:17,629 INFO girl-16 has chosen boy-20 as her boyfriend 
2017-04-04 15:15:17,629 INFO girl-13 has chosen boy-3 as her boyfriend 
2017-04-04 15:15:17,629 INFO girl-2 has chosen boy-9 as her boyfriend 
2017-04-04 15:15:17,629 INFO girl-19 has chosen boy-17 as her boyfriend 
2017-04-04 15:15:17,629 INFO girl-6 has chosen boy-25 as her boyfriend 
2017-04-04 15:15:17,630 INFO girl-17 has chosen boy-13 as her boyfriend 
2017-04-04 15:15:17,630 INFO girl-10 has chosen boy-29 as her boyfriend 
2017-04-04 15:15:17,630 INFO girl-20 has chosen boy-18 as her boyfriend 
2017-04-04 15:15:17,630 INFO girl-0 has chosen boy-30 as her boyfriend 
2017-04-04 15:15:17,630 INFO girl-3 has chosen boy-19 as her boyfriend 
2017-04-04 15:15:17,630 INFO girl-11 has chosen boy-26 as her boyfriend 
2017-04-04 15:15:17,630 INFO girl-18 has chosen boy-35 as her boyfriend 
2017-04-04 15:15:17,630 INFO girl-7 has chosen boy-21 as her boyfriend 
2017-04-04 15:15:17,630 INFO boy-2 has chosen girl-8 as his girlfriend
2017-04-04 15:15:17,630 INFO boy-6 has chosen girl-21 as his girlfriend
2017-04-04 15:18:03,133 INFO girl-0 has chosen boy-8 as her boyfriend 
2017-04-04 15:18:03,133 INFO girl-1 has chosen boy-0 as her boyfriend 
2017-04-04 15:18:03,133 INFO girl-2 has chosen boy-2 as her boyfriend 
2017-04-04 15:18:03,134 INFO girl-3 has chosen boy-3 as her boyfriend 
2017-04-04 15:18:03,134 INFO girl-4 has chosen boy-5 as her boyfriend 
2017-04-04 15:18:03,134 INFO girl-5 has chosen boy-6 as her boyfriend 
2017-04-04 15:18:03,134 INFO girl-6 has chosen boy-1 as her boyfriend 
2017-04-04 15:18:03,134 INFO girl-7 has chosen boy-11 as her boyfriend 
2017-04-04 15:18:03,134 INFO girl-8 has chosen boy-9 as her boyfriend 
2017-04-04 15:18:03,134 INFO girl-9 has chosen boy-4 as her boyfriend 
2017-04-04 15:18:03,135 INFO girl-10 has chosen boy-14 as her boyfriend 
2017-04-04 15:18:03,135 INFO girl-11 has chosen boy-17 as her boyfriend 
2017-04-04 15:18:03,135 INFO girl-12 has chosen boy-27 as her boyfriend 
2017-04-04 15:18:03,135 INFO girl-13 has chosen boy-12 as her boyfriend 
2017-04-04 15:18:03,135 INFO girl-14 has chosen boy-7 as her boyfriend 
2017-04-04 15:18:03,136 INFO girl-15 has chosen boy-18 as her boyfriend 
2017-04-04 15:18:03,136 INFO girl-16 has chosen boy-28 as her boyfriend 
2017-04-04 15:18:03,136 INFO girl-17 has chosen boy-10 as her boyfriend 
2017-04-04 15:18:03,136 INFO girl-18 has chosen boy-20 as her boyfriend 
2017-04-04 15:18:03,136 INFO girl-19 has chosen boy-15 as her boyfriend 
2017-04-04 15:18:03,136 INFO girl-20 has chosen boy-19 as her boyfriend 
2017-04-04 15:18:03,136 INFO girl-21 has chosen boy-21 as her boyfriend 
2017-04-04 15:18:03,136 INFO girl-22 has chosen boy-24 as her boyfriend 
2017-04-04 15:18:03,137 INFO girl-23 has chosen boy-32 as her boyfriend 
2017-04-04 15:18:03,137 INFO girl-24 has chosen boy-25 as her boyfriend 
2017-04-04 15:18:16,073 INFO girl-0 has chosen boy-2 as her boyfriend 
2017-04-04 15:18:16,074 INFO girl-1 has chosen boy-1 as her boyfriend 
2017-04-04 15:18:16,074 INFO girl-2 has chosen boy-0 as her boyfriend 
2017-04-04 15:18:16,074 INFO girl-3 has chosen boy-3 as her boyfriend 
2017-04-04 15:18:16,074 INFO girl-4 has chosen boy-5 as her boyfriend 
2017-04-04 15:18:16,074 INFO girl-5 has chosen boy-6 as her boyfriend 
2017-04-04 15:18:16,075 INFO girl-6 has chosen boy-10 as her boyfriend 
2017-04-04 15:18:16,075 INFO girl-7 has chosen boy-4 as her boyfriend 
2017-04-04 15:18:16,075 INFO girl-8 has chosen boy-7 as her boyfriend 
2017-04-04 15:18:16,075 INFO girl-9 has chosen boy-9 as her boyfriend 
2017-04-04 15:18:16,075 INFO girl-10 has chosen boy-8 as her boyfriend 
2017-04-04 15:18:16,075 INFO girl-11 has chosen boy-18 as her boyfriend 
2017-04-04 15:18:16,075 INFO girl-12 has chosen boy-11 as her boyfriend 
2017-04-04 15:18:16,075 INFO girl-13 has chosen boy-12 as her boyfriend 
2017-04-04 15:18:16,076 INFO girl-14 has chosen boy-13 as her boyfriend 
2017-04-04 15:18:16,076 INFO girl-15 has chosen boy-14 as her boyfriend 
2017-04-04 15:18:16,076 INFO girl-16 has chosen boy-31 as her boyfriend 
2017-04-04 15:18:16,076 INFO girl-17 has chosen boy-21 as her boyfriend 
2017-04-04 15:18:16,076 INFO girl-18 has chosen boy-15 as her boyfriend 
2017-04-04 15:18:16,076 INFO girl-19 has chosen boy-16 as her boyfriend 
2017-04-04 15:18:16,077 INFO girl-20 has chosen boy-17 as her boyfriend 
2017-04-04 15:18:16,077 INFO girl-21 has chosen boy-19 as her boyfriend 
2017-04-04 15:18:16,077 INFO girl-22 has chosen boy-20 as her boyfriend 
2017-04-04 15:18:16,077 INFO girl-23 has chosen boy-22 as her boyfriend 
2017-04-04 15:18:16,077 INFO girl-24 has chosen boy-23 as her boyfriend 
2017-04-04 15:22:50,437 INFO girl-0 has chosen boy-39 as her boyfriend 
2017-04-04 15:22:50,438 INFO boy-0 has chosen girl-1 as his girlfriend
2017-04-04 15:22:50,438 INFO girl-2 has chosen boy-2 as her boyfriend 
2017-04-04 15:22:50,438 INFO boy-1 has chosen girl-3 as his girlfriend
2017-04-04 15:22:50,438 INFO girl-4 has chosen boy-10 as her boyfriend 
2017-04-04 15:22:50,438 INFO boy-3 has chosen girl-5 as his girlfriend
2017-04-04 15:22:50,438 INFO girl-6 has chosen boy-5 as her boyfriend 
2017-04-04 15:22:50,439 INFO boy-4 has chosen girl-7 as his girlfriend
2017-04-04 15:22:50,439 INFO girl-8 has chosen boy-7 as her boyfriend 
2017-04-04 15:22:50,439 INFO boy-6 has chosen girl-9 as his girlfriend
2017-04-04 15:22:50,439 INFO girl-10 has chosen boy-8 as her boyfriend 
2017-04-04 15:22:50,439 INFO boy-9 has chosen girl-11 as his girlfriend
2017-04-04 15:22:50,439 INFO girl-12 has chosen boy-11 as her boyfriend 
2017-04-04 15:22:50,439 INFO boy-12 has chosen girl-13 as his girlfriend
2017-04-04 15:22:50,440 INFO girl-14 has chosen boy-13 as her boyfriend 
2017-04-04 15:22:50,440 INFO boy-14 has chosen girl-15 as his girlfriend
2017-04-04 15:22:50,440 INFO girl-16 has chosen boy-16 as her boyfriend 
2017-04-04 15:22:50,440 INFO boy-15 has chosen girl-17 as his girlfriend
2017-04-04 15:22:50,440 INFO girl-18 has chosen boy-17 as her boyfriend 
2017-04-04 15:22:50,441 INFO boy-18 has chosen girl-19 as his girlfriend
2017-04-04 15:22:50,441 INFO girl-20 has chosen boy-19 as her boyfriend 
2017-04-04 15:22:50,442 INFO boy-20 has chosen girl-21 as his girlfriend
2017-04-04 15:22:50,442 INFO girl-22 has chosen boy-41 as her boyfriend 
2017-04-04 15:22:50,442 INFO boy-21 has chosen girl-23 as his girlfriend
2017-04-04 15:22:50,443 INFO girl-24 has chosen boy-22 as her boyfriend 
2017-04-04 15:27:12,252 INFO girl-0 has chosen boy-10 as her boyfriend 
2017-04-04 15:27:12,253 INFO boy-0 has chosen girl-2 as his girlfriend
2017-04-04 15:27:12,253 INFO girl-1 has chosen boy-1 as her boyfriend 
2017-04-04 15:27:12,254 INFO boy-2 has chosen girl-4 as his girlfriend
2017-04-04 15:27:12,254 INFO girl-3 has chosen boy-4 as her boyfriend 
2017-04-04 15:27:12,254 INFO boy-3 has chosen girl-7 as his girlfriend
2017-04-04 15:27:12,254 INFO girl-5 has chosen boy-7 as her boyfriend 
2017-04-04 15:27:12,254 INFO boy-5 has chosen girl-8 as his girlfriend
2017-04-04 15:27:12,254 INFO girl-6 has chosen boy-9 as her boyfriend 
2017-04-04 15:27:12,255 INFO boy-6 has chosen girl-9 as his girlfriend
2017-04-04 15:27:12,255 INFO girl-10 has chosen boy-11 as her boyfriend 
2017-04-04 15:27:12,255 INFO boy-8 has chosen girl-15 as his girlfriend
2017-04-04 15:27:12,255 INFO girl-11 has chosen boy-12 as her boyfriend 
2017-04-04 15:27:12,256 INFO boy-13 has chosen girl-19 as his girlfriend
2017-04-04 15:27:12,256 INFO girl-12 has chosen boy-14 as her boyfriend 
2017-04-04 15:27:12,257 INFO boy-15 has chosen girl-20 as his girlfriend
2017-04-04 15:27:12,257 INFO girl-13 has chosen boy-16 as her boyfriend 
2017-04-04 15:27:12,257 INFO boy-17 has chosen girl-21 as his girlfriend
2017-04-04 15:27:12,257 INFO girl-14 has chosen boy-19 as her boyfriend 
2017-04-04 15:27:12,257 INFO boy-18 has chosen girl-17 as his girlfriend
2017-04-04 15:27:12,257 INFO girl-16 has chosen boy-20 as her boyfriend 
2017-04-04 15:27:12,258 INFO boy-21 has chosen girl-24 as his girlfriend
2017-04-04 15:27:12,258 INFO girl-18 has chosen boy-22 as her boyfriend 
2017-04-04 15:27:12,258 INFO boy-23 has chosen girl-23 as his girlfriend
2017-04-04 15:27:12,258 INFO girl-22 has chosen boy-24 as her boyfriend 
2017-04-04 15:29:10,661 INFO girl-0 has chosen boy-1 as her boyfriend 
2017-04-04 15:29:10,661 INFO boy-0 has chosen girl-11 as his girlfriend
2017-04-04 15:29:10,661 INFO girl-1 has chosen boy-2 as her boyfriend 
2017-04-04 15:29:10,661 INFO boy-3 has chosen girl-6 as his girlfriend
2017-04-04 15:29:10,662 INFO girl-2 has chosen boy-4 as her boyfriend 
2017-04-04 15:29:10,662 INFO boy-5 has chosen girl-23 as his girlfriend
2017-04-04 15:29:10,662 INFO girl-3 has chosen boy-6 as her boyfriend 
2017-04-04 15:29:10,662 INFO boy-7 has chosen girl-9 as his girlfriend
2017-04-04 15:29:10,662 INFO girl-4 has chosen boy-8 as her boyfriend 
2017-04-04 15:29:10,662 INFO boy-9 has chosen girl-10 as his girlfriend
2017-04-04 15:29:10,662 INFO girl-5 has chosen boy-10 as her boyfriend 
2017-04-04 15:29:10,662 INFO boy-11 has chosen girl-14 as his girlfriend
2017-04-04 15:29:10,662 INFO girl-7 has chosen boy-12 as her boyfriend 
2017-04-04 15:29:10,663 INFO boy-13 has chosen girl-17 as his girlfriend
2017-04-04 15:29:10,663 INFO girl-8 has chosen boy-14 as her boyfriend 
2017-04-04 15:29:10,663 INFO boy-15 has chosen girl-18 as his girlfriend
2017-04-04 15:29:10,663 INFO girl-12 has chosen boy-16 as her boyfriend 
2017-04-04 15:29:10,663 INFO boy-17 has chosen girl-21 as his girlfriend
2017-04-04 15:29:10,663 INFO girl-13 has chosen boy-18 as her boyfriend 
2017-04-04 15:29:10,663 INFO boy-19 has chosen girl-15 as his girlfriend
2017-04-04 15:29:10,664 INFO girl-16 has chosen boy-25 as her boyfriend 
2017-04-04 15:29:10,664 INFO boy-20 has chosen girl-20 as his girlfriend
2017-04-04 15:29:10,664 INFO girl-22 has chosen boy-28 as her boyfriend 
2017-04-04 15:29:10,664 INFO boy-21 has chosen girl-24 as his girlfriend
2017-04-04 15:29:10,665 INFO boy-22 has chosen girl-19 as his girlfriend
2017-04-04 15:29:10,679 INFO boy-1 has given a Essential gift price 20 and value 3 to girl-0
2017-04-04 15:29:10,679 INFO boy-1 has given a Luxury gift price 20 and value 6 to girl-0
2017-04-04 15:29:10,679 INFO boy-1 has given a Luxury gift price 19 and value 10 to girl-0
2017-04-04 15:29:10,679 INFO boy-0 has given a Luxury gift price 1 and value 7 to girl-11
2017-04-04 15:29:10,679 INFO boy-0 has given a Luxury gift price 1 and value 3 to girl-11
2017-04-04 15:29:10,679 INFO boy-0 has given a Essential gift price 2 and value 1 to girl-11
2017-04-04 15:29:10,679 INFO boy-0 has given a Essential gift price 2 and value 4 to girl-11
2017-04-04 15:29:10,679 INFO boy-0 has given a Essential gift price 3 and value 3 to girl-11
2017-04-04 15:29:10,679 INFO boy-0 has given a Luxury gift price 3 and value 10 to girl-11
2017-04-04 15:29:10,680 INFO boy-0 has given a Luxury gift price 3 and value 10 to girl-11
2017-04-04 15:29:10,680 INFO boy-0 has given a Essential gift price 3 and value 4 to girl-11
2017-04-04 15:29:10,680 INFO boy-0 has given a Utility gift price 4 and value 1 to girl-11
2017-04-04 15:29:10,680 INFO boy-0 has given a Utility gift price 4 and value 6 to girl-11
2017-04-04 15:29:10,680 INFO boy-0 has given a Essential gift price 4 and value 6 to girl-11
2017-04-04 15:29:10,680 INFO boy-0 has given a Essential gift price 4 and value 2 to girl-11
2017-04-04 15:29:10,680 INFO boy-2 has given a Luxury gift price 1 and value 7 to girl-1
2017-04-04 15:29:10,680 INFO boy-2 has given a Luxury gift price 1 and value 3 to girl-1
2017-04-04 15:29:10,680 INFO boy-2 has given a Essential gift price 2 and value 1 to girl-1
2017-04-04 15:29:10,680 INFO boy-2 has given a Essential gift price 2 and value 4 to girl-1
2017-04-04 15:29:10,680 INFO boy-2 has given a Essential gift price 3 and value 3 to girl-1
2017-04-04 15:29:10,680 INFO boy-2 has given a Luxury gift price 3 and value 10 to girl-1
2017-04-04 15:29:10,680 INFO boy-2 has given a Luxury gift price 3 and value 10 to girl-1
2017-04-04 15:29:10,680 INFO boy-2 has given a Essential gift price 3 and value 4 to girl-1
2017-04-04 15:29:10,681 INFO boy-2 has given a Utility gift price 4 and value 1 to girl-1
2017-04-04 15:29:10,681 INFO boy-2 has given a Utility gift price 4 and value 6 to girl-1
2017-04-04 15:29:10,681 INFO boy-2 has given a Essential gift price 4 and value 6 to girl-1
2017-04-04 15:29:10,681 INFO boy-2 has given a Essential gift price 4 and value 2 to girl-1
2017-04-04 15:29:10,681 INFO boy-3 has given a Luxury gift price 1 and value 7 to girl-6
2017-04-04 15:29:10,681 INFO boy-3 has given a Luxury gift price 1 and value 3 to girl-6
2017-04-04 15:29:10,681 INFO boy-3 has given a Essential gift price 2 and value 1 to girl-6
2017-04-04 15:29:10,681 INFO boy-3 has given a Essential gift price 2 and value 4 to girl-6
2017-04-04 15:29:10,681 INFO boy-3 has given a Essential gift price 3 and value 3 to girl-6
2017-04-04 15:29:10,681 INFO boy-3 has given a Luxury gift price 3 and value 10 to girl-6
2017-04-04 15:29:10,681 INFO boy-3 has given a Luxury gift price 3 and value 10 to girl-6
2017-04-04 15:29:10,681 INFO boy-3 has given a Essential gift price 3 and value 4 to girl-6
2017-04-04 15:29:10,682 INFO boy-3 has given a Utility gift price 4 and value 1 to girl-6
2017-04-04 15:29:10,682 INFO boy-3 has given a Utility gift price 4 and value 6 to girl-6
2017-04-04 15:29:10,682 INFO boy-3 has given a Essential gift price 4 and value 6 to girl-6
2017-04-04 15:29:10,682 INFO boy-3 has given a Luxury gift price 9 and value 10 to girl-6
2017-04-04 15:29:10,682 INFO boy-4 has given a Luxury gift price 1 and value 7 to girl-2
2017-04-04 15:29:10,682 INFO boy-4 has given a Luxury gift price 1 and value 3 to girl-2
2017-04-04 15:29:10,682 INFO boy-4 has given a Essential gift price 2 and value 1 to girl-2
2017-04-04 15:29:10,682 INFO boy-4 has given a Essential gift price 2 and value 4 to girl-2
2017-04-04 15:29:10,682 INFO boy-4 has given a Essential gift price 3 and value 3 to girl-2
2017-04-04 15:29:10,682 INFO boy-4 has given a Luxury gift price 3 and value 10 to girl-2
2017-04-04 15:29:10,682 INFO boy-4 has given a Luxury gift price 3 and value 10 to girl-2
2017-04-04 15:29:10,683 INFO boy-4 has given a Essential gift price 3 and value 4 to girl-2
2017-04-04 15:29:10,683 INFO boy-4 has given a Utility gift price 4 and value 1 to girl-2
2017-04-04 15:29:10,683 INFO boy-4 has given a Utility gift price 4 and value 6 to girl-2
2017-04-04 15:29:10,683 INFO boy-4 has given a Essential gift price 4 and value 6 to girl-2
2017-04-04 15:29:10,683 INFO boy-5 has given a Luxury gift price 1 and value 7 to girl-23
2017-04-04 15:29:10,683 INFO boy-5 has given a Luxury gift price 1 and value 3 to girl-23
2017-04-04 15:29:10,683 INFO boy-5 has given a Essential gift price 2 and value 1 to girl-23
2017-04-04 15:29:10,683 INFO boy-5 has given a Essential gift price 2 and value 4 to girl-23
2017-04-04 15:29:10,683 INFO boy-5 has given a Essential gift price 3 and value 3 to girl-23
2017-04-04 15:29:10,683 INFO boy-5 has given a Luxury gift price 3 and value 10 to girl-23
2017-04-04 15:29:10,683 INFO boy-5 has given a Luxury gift price 3 and value 10 to girl-23
2017-04-04 15:29:10,683 INFO boy-5 has given a Essential gift price 3 and value 4 to girl-23
2017-04-04 15:29:10,683 INFO boy-5 has given a Utility gift price 4 and value 1 to girl-23
2017-04-04 15:29:10,683 INFO boy-5 has given a Utility gift price 4 and value 6 to girl-23
2017-04-04 15:29:10,684 INFO boy-5 has given a Luxury gift price 9 and value 10 to girl-23
2017-04-04 15:29:10,684 INFO boy-6 has given a Luxury gift price 1 and value 7 to girl-3
2017-04-04 15:29:10,684 INFO boy-6 has given a Luxury gift price 1 and value 3 to girl-3
2017-04-04 15:29:10,684 INFO boy-6 has given a Essential gift price 2 and value 1 to girl-3
2017-04-04 15:29:10,684 INFO boy-6 has given a Essential gift price 2 and value 4 to girl-3
2017-04-04 15:29:10,684 INFO boy-6 has given a Essential gift price 3 and value 3 to girl-3
2017-04-04 15:29:10,684 INFO boy-6 has given a Luxury gift price 3 and value 10 to girl-3
2017-04-04 15:29:10,684 INFO boy-6 has given a Luxury gift price 3 and value 10 to girl-3
2017-04-04 15:29:10,684 INFO boy-6 has given a Essential gift price 3 and value 4 to girl-3
2017-04-04 15:29:10,684 INFO boy-6 has given a Utility gift price 4 and value 1 to girl-3
2017-04-04 15:29:10,684 INFO boy-7 has given a Luxury gift price 1 and value 7 to girl-9
2017-04-04 15:29:10,684 INFO boy-7 has given a Luxury gift price 1 and value 3 to girl-9
2017-04-04 15:29:10,684 INFO boy-7 has given a Essential gift price 2 and value 1 to girl-9
2017-04-04 15:29:10,684 INFO boy-7 has given a Essential gift price 2 and value 4 to girl-9
2017-04-04 15:29:10,685 INFO boy-7 has given a Essential gift price 3 and value 3 to girl-9
2017-04-04 15:29:10,685 INFO boy-7 has given a Luxury gift price 3 and value 10 to girl-9
2017-04-04 15:29:10,685 INFO boy-7 has given a Luxury gift price 3 and value 10 to girl-9
2017-04-04 15:29:10,685 INFO boy-7 has given a Essential gift price 3 and value 4 to girl-9
2017-04-04 15:29:10,685 INFO boy-7 has given a Utility gift price 4 and value 1 to girl-9
2017-04-04 15:29:10,685 INFO boy-7 has given a Utility gift price 4 and value 6 to girl-9
2017-04-04 15:29:10,685 INFO boy-7 has given a Essential gift price 4 and value 6 to girl-9
2017-04-04 15:29:10,685 INFO boy-7 has given a Essential gift price 4 and value 2 to girl-9
2017-04-04 15:29:10,685 INFO boy-7 has given a Essential gift price 4 and value 5 to girl-9
2017-04-04 15:29:10,685 INFO boy-7 has given a Utility gift price 5 and value 5 to girl-9
2017-04-04 15:29:10,685 INFO boy-8 has given a Luxury gift price 1 and value 7 to girl-4
2017-04-04 15:29:10,685 INFO boy-8 has given a Luxury gift price 1 and value 3 to girl-4
2017-04-04 15:29:10,685 INFO boy-8 has given a Essential gift price 2 and value 1 to girl-4
2017-04-04 15:29:10,685 INFO boy-8 has given a Essential gift price 2 and value 4 to girl-4
2017-04-04 15:29:10,686 INFO boy-8 has given a Essential gift price 3 and value 3 to girl-4
2017-04-04 15:29:10,686 INFO boy-8 has given a Luxury gift price 3 and value 10 to girl-4
2017-04-04 15:29:10,686 INFO boy-8 has given a Luxury gift price 3 and value 10 to girl-4
2017-04-04 15:29:10,686 INFO boy-8 has given a Essential gift price 3 and value 4 to girl-4
2017-04-04 15:29:10,686 INFO boy-8 has given a Utility gift price 4 and value 1 to girl-4
2017-04-04 15:29:10,686 INFO boy-8 has given a Utility gift price 4 and value 6 to girl-4
2017-04-04 15:29:10,686 INFO boy-8 has given a Essential gift price 4 and value 6 to girl-4
2017-04-04 15:29:10,686 INFO boy-8 has given a Essential gift price 4 and value 2 to girl-4
2017-04-04 15:29:10,686 INFO boy-8 has given a Essential gift price 4 and value 5 to girl-4
2017-04-04 15:29:10,686 INFO boy-9 has given a Essential gift price 20 and value 3 to girl-10
2017-04-04 15:29:10,686 INFO boy-9 has given a Luxury gift price 20 and value 6 to girl-10
2017-04-04 15:29:10,686 INFO boy-9 has given a Luxury gift price 19 and value 10 to girl-10
2017-04-04 15:29:10,686 INFO boy-9 has given a Essential gift price 18 and value 1 to girl-10
2017-04-04 15:29:10,687 INFO boy-9 has given a Essential gift price 18 and value 4 to girl-10
2017-04-04 15:29:10,687 INFO boy-10 has given a Luxury gift price 1 and value 7 to girl-5
2017-04-04 15:29:10,687 INFO boy-10 has given a Luxury gift price 1 and value 3 to girl-5
2017-04-04 15:29:10,687 INFO boy-10 has given a Essential gift price 2 and value 1 to girl-5
2017-04-04 15:29:10,687 INFO boy-10 has given a Essential gift price 2 and value 4 to girl-5
2017-04-04 15:29:10,687 INFO boy-10 has given a Essential gift price 3 and value 3 to girl-5
2017-04-04 15:29:10,687 INFO boy-10 has given a Luxury gift price 3 and value 10 to girl-5
2017-04-04 15:29:10,687 INFO boy-10 has given a Luxury gift price 3 and value 10 to girl-5
2017-04-04 15:29:10,687 INFO boy-10 has given a Essential gift price 3 and value 4 to girl-5
2017-04-04 15:29:10,687 INFO boy-10 has given a Utility gift price 4 and value 1 to girl-5
2017-04-04 15:29:10,687 INFO boy-10 has given a Luxury gift price 9 and value 10 to girl-5
2017-04-04 15:29:10,687 INFO boy-11 has given a Luxury gift price 1 and value 7 to girl-14
2017-04-04 15:29:10,687 INFO boy-11 has given a Luxury gift price 1 and value 3 to girl-14
2017-04-04 15:29:10,688 INFO boy-11 has given a Essential gift price 2 and value 1 to girl-14
2017-04-04 15:29:10,688 INFO boy-11 has given a Essential gift price 2 and value 4 to girl-14
2017-04-04 15:29:10,688 INFO boy-11 has given a Essential gift price 3 and value 3 to girl-14
2017-04-04 15:29:10,688 INFO boy-11 has given a Luxury gift price 3 and value 10 to girl-14
2017-04-04 15:29:10,688 INFO boy-11 has given a Luxury gift price 3 and value 10 to girl-14
2017-04-04 15:29:10,688 INFO boy-11 has given a Essential gift price 3 and value 4 to girl-14
2017-04-04 15:29:10,688 INFO boy-11 has given a Utility gift price 4 and value 1 to girl-14
2017-04-04 15:29:10,688 INFO boy-11 has given a Utility gift price 4 and value 6 to girl-14
2017-04-04 15:29:10,688 INFO boy-11 has given a Essential gift price 4 and value 6 to girl-14
2017-04-04 15:29:10,688 INFO boy-11 has given a Essential gift price 4 and value 2 to girl-14
2017-04-04 15:29:10,688 INFO boy-11 has given a Essential gift price 4 and value 5 to girl-14
2017-04-04 15:29:10,688 INFO boy-11 has given a Utility gift price 5 and value 5 to girl-14
2017-04-04 15:29:10,688 INFO boy-11 has given a Utility gift price 7 and value 9 to girl-14
2017-04-04 15:29:10,689 INFO boy-11 has given a Utility gift price 7 and value 10 to girl-14
2017-04-04 15:29:10,689 INFO boy-11 has given a Essential gift price 7 and value 1 to girl-14
2017-04-04 15:29:10,689 INFO boy-11 has given a Essential gift price 8 and value 6 to girl-14
2017-04-04 15:29:10,689 INFO boy-11 has given a Utility gift price 8 and value 7 to girl-14
2017-04-04 15:29:10,689 INFO boy-11 has given a Utility gift price 8 and value 6 to girl-14
2017-04-04 15:29:10,689 INFO boy-11 has given a Luxury gift price 9 and value 10 to girl-14
2017-04-04 15:29:10,689 INFO boy-12 has given a Luxury gift price 1 and value 7 to girl-7
2017-04-04 15:29:10,689 INFO boy-12 has given a Luxury gift price 1 and value 3 to girl-7
2017-04-04 15:29:10,689 INFO boy-12 has given a Essential gift price 2 and value 1 to girl-7
2017-04-04 15:29:10,689 INFO boy-12 has given a Essential gift price 2 and value 4 to girl-7
2017-04-04 15:29:10,689 INFO boy-12 has given a Essential gift price 3 and value 3 to girl-7
2017-04-04 15:29:10,689 INFO boy-12 has given a Luxury gift price 3 and value 10 to girl-7
2017-04-04 15:29:10,689 INFO boy-12 has given a Luxury gift price 3 and value 10 to girl-7
2017-04-04 15:29:10,689 INFO boy-12 has given a Essential gift price 3 and value 4 to girl-7
2017-04-04 15:29:10,689 INFO boy-12 has given a Utility gift price 4 and value 1 to girl-7
2017-04-04 15:29:10,690 INFO boy-13 has given a Luxury gift price 1 and value 7 to girl-17
2017-04-04 15:29:10,690 INFO boy-13 has given a Luxury gift price 1 and value 3 to girl-17
2017-04-04 15:29:10,690 INFO boy-13 has given a Essential gift price 2 and value 1 to girl-17
2017-04-04 15:29:10,690 INFO boy-13 has given a Essential gift price 2 and value 4 to girl-17
2017-04-04 15:29:10,690 INFO boy-13 has given a Essential gift price 3 and value 3 to girl-17
2017-04-04 15:29:10,690 INFO boy-13 has given a Luxury gift price 3 and value 10 to girl-17
2017-04-04 15:29:10,690 INFO boy-13 has given a Luxury gift price 3 and value 10 to girl-17
2017-04-04 15:29:10,690 INFO boy-13 has given a Essential gift price 3 and value 4 to girl-17
2017-04-04 15:29:10,690 INFO boy-13 has given a Utility gift price 4 and value 1 to girl-17
2017-04-04 15:29:10,690 INFO boy-13 has given a Utility gift price 4 and value 6 to girl-17
2017-04-04 15:29:10,690 INFO boy-13 has given a Essential gift price 4 and value 6 to girl-17
2017-04-04 15:29:10,690 INFO boy-13 has given a Essential gift price 4 and value 2 to girl-17
2017-04-04 15:29:10,690 INFO boy-13 has given a Essential gift price 4 and value 5 to girl-17
2017-04-04 15:29:10,690 INFO boy-13 has given a Utility gift price 5 and value 5 to girl-17
2017-04-04 15:29:10,691 INFO boy-13 has given a Utility gift price 7 and value 9 to girl-17
2017-04-04 15:29:10,691 INFO boy-13 has given a Utility gift price 7 and value 10 to girl-17
2017-04-04 15:29:10,691 INFO boy-13 has given a Essential gift price 7 and value 1 to girl-17
2017-04-04 15:29:10,691 INFO boy-14 has given a Luxury gift price 1 and value 7 to girl-8
2017-04-04 15:29:10,691 INFO boy-14 has given a Luxury gift price 1 and value 3 to girl-8
2017-04-04 15:29:10,691 INFO boy-14 has given a Essential gift price 2 and value 1 to girl-8
2017-04-04 15:29:10,691 INFO boy-14 has given a Essential gift price 2 and value 4 to girl-8
2017-04-04 15:29:10,691 INFO boy-14 has given a Essential gift price 3 and value 3 to girl-8
2017-04-04 15:29:10,692 INFO boy-14 has given a Luxury gift price 3 and value 10 to girl-8
2017-04-04 15:29:10,692 INFO boy-14 has given a Luxury gift price 3 and value 10 to girl-8
2017-04-04 15:29:10,692 INFO boy-14 has given a Essential gift price 3 and value 4 to girl-8
2017-04-04 15:29:10,692 INFO boy-14 has given a Utility gift price 4 and value 1 to girl-8
2017-04-04 15:29:10,692 INFO boy-14 has given a Utility gift price 4 and value 6 to girl-8
2017-04-04 15:29:10,692 INFO boy-15 has given a Luxury gift price 1 and value 7 to girl-18
2017-04-04 15:29:10,692 INFO boy-15 has given a Luxury gift price 1 and value 3 to girl-18
2017-04-04 15:29:10,692 INFO boy-15 has given a Essential gift price 2 and value 1 to girl-18
2017-04-04 15:29:10,693 INFO boy-15 has given a Essential gift price 2 and value 4 to girl-18
2017-04-04 15:29:10,693 INFO boy-15 has given a Essential gift price 3 and value 3 to girl-18
2017-04-04 15:29:10,693 INFO boy-15 has given a Luxury gift price 3 and value 10 to girl-18
2017-04-04 15:29:10,693 INFO boy-15 has given a Luxury gift price 3 and value 10 to girl-18
2017-04-04 15:29:10,693 INFO boy-15 has given a Essential gift price 3 and value 4 to girl-18
2017-04-04 15:29:10,693 INFO boy-15 has given a Utility gift price 4 and value 1 to girl-18
2017-04-04 15:29:10,693 INFO boy-15 has given a Utility gift price 4 and value 6 to girl-18
2017-04-04 15:29:10,693 INFO boy-15 has given a Essential gift price 4 and value 6 to girl-18
2017-04-04 15:29:10,693 INFO boy-15 has given a Essential gift price 4 and value 2 to girl-18
2017-04-04 15:29:10,694 INFO boy-15 has given a Essential gift price 4 and value 5 to girl-18
2017-04-04 15:29:10,694 INFO boy-15 has given a Utility gift price 5 and value 5 to girl-18
2017-04-04 15:29:10,694 INFO boy-15 has given a Utility gift price 7 and value 9 to girl-18
2017-04-04 15:29:10,694 INFO boy-15 has given a Utility gift price 7 and value 10 to girl-18
2017-04-04 15:29:10,694 INFO boy-15 has given a Essential gift price 7 and value 1 to girl-18
2017-04-04 15:29:10,694 INFO boy-15 has given a Essential gift price 8 and value 6 to girl-18
2017-04-04 15:29:10,694 INFO boy-15 has given a Utility gift price 8 and value 7 to girl-18
2017-04-04 15:29:10,694 INFO boy-16 has given a Luxury gift price 1 and value 7 to girl-12
2017-04-04 15:29:10,695 INFO boy-16 has given a Luxury gift price 1 and value 3 to girl-12
2017-04-04 15:29:10,695 INFO boy-16 has given a Essential gift price 2 and value 1 to girl-12
2017-04-04 15:29:10,695 INFO boy-16 has given a Essential gift price 2 and value 4 to girl-12
2017-04-04 15:29:10,695 INFO boy-16 has given a Essential gift price 3 and value 3 to girl-12
2017-04-04 15:29:10,695 INFO boy-16 has given a Luxury gift price 3 and value 10 to girl-12
2017-04-04 15:29:10,695 INFO boy-16 has given a Luxury gift price 3 and value 10 to girl-12
2017-04-04 15:29:10,695 INFO boy-16 has given a Essential gift price 3 and value 4 to girl-12
2017-04-04 15:29:10,695 INFO boy-16 has given a Utility gift price 4 and value 1 to girl-12
2017-04-04 15:29:10,696 INFO boy-16 has given a Utility gift price 4 and value 6 to girl-12
2017-04-04 15:29:10,696 INFO boy-16 has given a Essential gift price 4 and value 6 to girl-12
2017-04-04 15:29:10,696 INFO boy-16 has given a Essential gift price 4 and value 2 to girl-12
2017-04-04 15:29:10,696 INFO boy-16 has given a Essential gift price 4 and value 5 to girl-12
2017-04-04 15:29:10,696 INFO boy-16 has given a Utility gift price 5 and value 5 to girl-12
2017-04-04 15:29:10,696 INFO boy-16 has given a Utility gift price 7 and value 9 to girl-12
2017-04-04 15:29:10,696 INFO boy-17 has given a Essential gift price 20 and value 3 to girl-21
2017-04-04 15:29:10,696 INFO boy-17 has given a Luxury gift price 20 and value 6 to girl-21
2017-04-04 15:29:10,697 INFO boy-17 has given a Luxury gift price 19 and value 10 to girl-21
2017-04-04 15:29:10,697 INFO boy-18 has given a Luxury gift price 1 and value 7 to girl-13
2017-04-04 15:29:10,697 INFO boy-18 has given a Luxury gift price 1 and value 3 to girl-13
2017-04-04 15:29:10,697 INFO boy-18 has given a Essential gift price 2 and value 1 to girl-13
2017-04-04 15:29:10,697 INFO boy-18 has given a Essential gift price 2 and value 4 to girl-13
2017-04-04 15:29:10,697 INFO boy-18 has given a Essential gift price 3 and value 3 to girl-13
2017-04-04 15:29:10,698 INFO boy-18 has given a Luxury gift price 3 and value 10 to girl-13
2017-04-04 15:29:10,698 INFO boy-18 has given a Luxury gift price 3 and value 10 to girl-13
2017-04-04 15:29:10,698 INFO boy-18 has given a Essential gift price 3 and value 4 to girl-13
2017-04-04 15:29:10,698 INFO boy-18 has given a Utility gift price 4 and value 1 to girl-13
2017-04-04 15:29:10,698 INFO boy-18 has given a Utility gift price 4 and value 6 to girl-13
2017-04-04 15:29:10,698 INFO boy-18 has given a Essential gift price 4 and value 6 to girl-13
2017-04-04 15:29:10,698 INFO boy-18 has given a Essential gift price 4 and value 2 to girl-13
2017-04-04 15:29:10,699 INFO boy-18 has given a Essential gift price 4 and value 5 to girl-13
2017-04-04 15:29:10,699 INFO boy-18 has given a Utility gift price 5 and value 5 to girl-13
2017-04-04 15:29:10,699 INFO boy-18 has given a Utility gift price 7 and value 9 to girl-13
2017-04-04 15:29:10,699 INFO boy-18 has given a Utility gift price 7 and value 10 to girl-13
2017-04-04 15:29:10,699 INFO boy-18 has given a Essential gift price 7 and value 1 to girl-13
2017-04-04 15:29:10,699 INFO boy-18 has given a Essential gift price 8 and value 6 to girl-13
2017-04-04 15:29:10,699 INFO boy-18 has given a Utility gift price 8 and value 7 to girl-13
2017-04-04 15:29:10,699 INFO boy-18 has given a Utility gift price 8 and value 6 to girl-13
2017-04-04 15:29:10,700 INFO boy-19 has given a Luxury gift price 1 and value 7 to girl-15
2017-04-04 15:29:10,700 INFO boy-19 has given a Luxury gift price 1 and value 3 to girl-15
2017-04-04 15:29:10,700 INFO boy-19 has given a Essential gift price 2 and value 1 to girl-15
2017-04-04 15:29:10,700 INFO boy-19 has given a Essential gift price 2 and value 4 to girl-15
2017-04-04 15:29:10,700 INFO boy-19 has given a Essential gift price 3 and value 3 to girl-15
2017-04-04 15:29:10,700 INFO boy-19 has given a Luxury gift price 3 and value 10 to girl-15
2017-04-04 15:29:10,700 INFO boy-19 has given a Luxury gift price 3 and value 10 to girl-15
2017-04-04 15:29:10,701 INFO boy-19 has given a Essential gift price 3 and value 4 to girl-15
2017-04-04 15:29:10,701 INFO boy-19 has given a Utility gift price 4 and value 1 to girl-15
2017-04-04 15:29:10,701 INFO boy-19 has given a Utility gift price 4 and value 6 to girl-15
2017-04-04 15:29:10,701 INFO boy-19 has given a Essential gift price 4 and value 6 to girl-15
2017-04-04 15:29:10,702 INFO boy-25 has given a Luxury gift price 1 and value 7 to girl-16
2017-04-04 15:29:10,702 INFO boy-25 has given a Luxury gift price 1 and value 3 to girl-16
2017-04-04 15:29:10,702 INFO boy-25 has given a Essential gift price 2 and value 1 to girl-16
2017-04-04 15:29:10,702 INFO boy-25 has given a Essential gift price 2 and value 4 to girl-16
2017-04-04 15:29:10,702 INFO boy-25 has given a Essential gift price 3 and value 3 to girl-16
2017-04-04 15:29:10,702 INFO boy-25 has given a Luxury gift price 3 and value 10 to girl-16
2017-04-04 15:29:10,702 INFO boy-25 has given a Luxury gift price 3 and value 10 to girl-16
2017-04-04 15:29:10,703 INFO boy-25 has given a Essential gift price 3 and value 4 to girl-16
2017-04-04 15:29:10,703 INFO boy-25 has given a Utility gift price 4 and value 1 to girl-16
2017-04-04 15:29:10,703 INFO boy-25 has given a Utility gift price 4 and value 6 to girl-16
2017-04-04 15:29:10,703 INFO boy-25 has given a Essential gift price 4 and value 6 to girl-16
2017-04-04 15:29:10,703 INFO boy-25 has given a Essential gift price 4 and value 2 to girl-16
2017-04-04 15:29:10,703 INFO boy-25 has given a Essential gift price 4 and value 5 to girl-16
2017-04-04 15:29:10,703 INFO boy-25 has given a Utility gift price 5 and value 5 to girl-16
2017-04-04 15:29:10,703 INFO boy-25 has given a Utility gift price 7 and value 9 to girl-16
2017-04-04 15:29:10,703 INFO boy-20 has given a Luxury gift price 1 and value 7 to girl-20
2017-04-04 15:29:10,704 INFO boy-20 has given a Luxury gift price 1 and value 3 to girl-20
2017-04-04 15:29:10,704 INFO boy-20 has given a Essential gift price 2 and value 1 to girl-20
2017-04-04 15:29:10,704 INFO boy-20 has given a Essential gift price 2 and value 4 to girl-20
2017-04-04 15:29:10,704 INFO boy-20 has given a Essential gift price 3 and value 3 to girl-20
2017-04-04 15:29:10,704 INFO boy-20 has given a Luxury gift price 3 and value 10 to girl-20
2017-04-04 15:29:10,704 INFO boy-20 has given a Luxury gift price 3 and value 10 to girl-20
2017-04-04 15:29:10,704 INFO boy-20 has given a Essential gift price 3 and value 4 to girl-20
2017-04-04 15:29:10,704 INFO boy-20 has given a Utility gift price 4 and value 1 to girl-20
2017-04-04 15:29:10,705 INFO boy-20 has given a Utility gift price 4 and value 6 to girl-20
2017-04-04 15:29:10,705 INFO boy-20 has given a Essential gift price 4 and value 6 to girl-20
2017-04-04 15:29:10,705 INFO boy-20 has given a Essential gift price 4 and value 2 to girl-20
2017-04-04 15:29:10,705 INFO boy-20 has given a Essential gift price 4 and value 5 to girl-20
2017-04-04 15:29:10,705 INFO boy-20 has given a Utility gift price 5 and value 5 to girl-20
2017-04-04 15:29:10,705 INFO boy-20 has given a Utility gift price 7 and value 9 to girl-20
2017-04-04 15:29:10,705 INFO boy-20 has given a Utility gift price 7 and value 10 to girl-20
2017-04-04 15:29:10,705 INFO boy-20 has given a Essential gift price 7 and value 1 to girl-20
2017-04-04 15:29:10,705 INFO boy-20 has given a Essential gift price 8 and value 6 to girl-20
2017-04-04 15:29:10,706 INFO boy-20 has given a Utility gift price 8 and value 7 to girl-20
2017-04-04 15:29:10,706 INFO boy-28 has given a Luxury gift price 1 and value 7 to girl-22
2017-04-04 15:29:10,706 INFO boy-28 has given a Luxury gift price 1 and value 3 to girl-22
2017-04-04 15:29:10,706 INFO boy-28 has given a Essential gift price 2 and value 1 to girl-22
2017-04-04 15:29:10,706 INFO boy-28 has given a Essential gift price 2 and value 4 to girl-22
2017-04-04 15:29:10,706 INFO boy-28 has given a Essential gift price 3 and value 3 to girl-22
2017-04-04 15:29:10,706 INFO boy-28 has given a Luxury gift price 3 and value 10 to girl-22
2017-04-04 15:29:10,706 INFO boy-28 has given a Luxury gift price 3 and value 10 to girl-22
2017-04-04 15:29:10,707 INFO boy-28 has given a Essential gift price 3 and value 4 to girl-22
2017-04-04 15:29:10,707 INFO boy-28 has given a Utility gift price 4 and value 1 to girl-22
2017-04-04 15:29:10,707 INFO boy-28 has given a Utility gift price 4 and value 6 to girl-22
2017-04-04 15:29:10,707 INFO boy-28 has given a Essential gift price 4 and value 6 to girl-22
2017-04-04 15:29:10,707 INFO boy-28 has given a Essential gift price 4 and value 2 to girl-22
2017-04-04 15:29:10,707 INFO boy-28 has given a Essential gift price 4 and value 5 to girl-22
2017-04-04 15:29:10,707 INFO boy-28 has given a Utility gift price 5 and value 5 to girl-22
2017-04-04 15:29:10,708 INFO boy-28 has given a Luxury gift price 9 and value 10 to girl-22
2017-04-04 15:29:10,708 INFO boy-21 has given a Essential gift price 20 and value 3 to girl-24
2017-04-04 15:29:10,708 INFO boy-22 has given a Essential gift price 20 and value 3 to girl-19
2017-04-04 15:33:14,636 INFO girl-0 has chosen boy-0 as her boyfriend 
2017-04-04 15:33:14,636 INFO boy-1 has chosen girl-10 as his girlfriend
2017-04-04 15:33:14,637 INFO girl-1 has chosen boy-16 as her boyfriend 
2017-04-04 15:33:14,637 INFO boy-2 has chosen girl-11 as his girlfriend
2017-04-04 15:33:14,637 INFO girl-2 has chosen boy-3 as her boyfriend 
2017-04-04 15:33:14,637 INFO boy-4 has chosen girl-20 as his girlfriend
2017-04-04 15:33:14,637 INFO girl-3 has chosen boy-22 as her boyfriend 
2017-04-04 15:33:14,637 INFO boy-5 has chosen girl-23 as his girlfriend
2017-04-04 15:33:14,638 INFO girl-4 has chosen boy-6 as her boyfriend 
2017-04-04 15:33:14,638 INFO boy-7 has chosen girl-12 as his girlfriend
2017-04-04 15:33:14,638 INFO girl-5 has chosen boy-8 as her boyfriend 
2017-04-04 15:33:14,638 INFO boy-9 has chosen girl-16 as his girlfriend
2017-04-04 15:33:14,638 INFO girl-6 has chosen boy-23 as her boyfriend 
2017-04-04 15:33:14,638 INFO boy-10 has chosen girl-24 as his girlfriend
2017-04-04 15:33:14,639 INFO girl-7 has chosen boy-11 as her boyfriend 
2017-04-04 15:33:14,639 INFO boy-12 has chosen girl-13 as his girlfriend
2017-04-04 15:33:14,639 INFO girl-8 has chosen boy-29 as her boyfriend 
2017-04-04 15:33:14,640 INFO boy-13 has chosen girl-9 as his girlfriend
2017-04-04 15:33:14,640 INFO girl-14 has chosen boy-34 as her boyfriend 
2017-04-04 15:33:14,640 INFO boy-14 has chosen girl-19 as his girlfriend
2017-04-04 15:33:14,640 INFO girl-15 has chosen boy-30 as her boyfriend 
2017-04-04 15:33:14,641 INFO boy-15 has chosen girl-21 as his girlfriend
2017-04-04 15:33:14,641 INFO girl-17 has chosen boy-17 as her boyfriend 
2017-04-04 15:33:14,642 INFO boy-18 has chosen girl-22 as his girlfriend
2017-04-04 15:33:14,642 INFO girl-18 has chosen boy-19 as her boyfriend 
